<?xml version="1.0" encoding="UTF-8"?>
<!-- Generated by org.testng.reporters.JUnitReportReporter -->
<testsuite skipped="0" hostname="DESKTOP-A401D63" name="testingjenkins.jenkinsclass" tests="1" failures="0" timestamp="2020-09-10T22:48:46 EDT" time="16.477" errors="0">
  <testcase name="display" time="16.477" classname="testingjenkins.jenkinsclass"/>
  <system-out/>
</testsuite> <!-- testingjenkins.jenkinsclass -->
